{"numTotalTestSuites":59,"numPassedTestSuites":1,"numFailedTestSuites":58,"numPendingTestSuites":0,"numTotalTests":51,"numPassedTests":11,"numFailedTests":40,"numPendingTests":0,"numTodoTests":0,"snapshot":{"added":0,"failure":false,"filesAdded":0,"filesRemoved":0,"filesRemovedList":[],"filesUnmatched":0,"filesUpdated":0,"matched":0,"total":0,"unchecked":0,"uncheckedKeysByFile":[],"unmatched":0,"updated":0,"didUpdate":false},"startTime":1748947549768,"success":false,"testResults":[{"assertionResults":[{"ancestorTitles":["Electron App Lifecycle Integration","App Startup"],"fullName":"Electron App Lifecycle Integration App Startup should launch application successfully","status":"failed","title":"should launch application successfully","duration":9.577624999999898,"failureMessages":["Error: Electron app not found at /Users/davidleathers/taskmaster-ui/dist/main/index.js. Run 'npm run build' first.\n    at launchElectronApp (/Users/davidleathers/taskmaster-ui/tests/setup/integration.setup.ts:58:11)\n    at /Users/davidleathers/taskmaster-ui/tests/integration/app-lifecycle.test.ts:19:25\n    at file:///Users/davidleathers/taskmaster-ui/node_modules/@vitest/runner/dist/chunk-hooks.js:154:11\n    at file:///Users/davidleathers/taskmaster-ui/node_modules/@vitest/runner/dist/chunk-hooks.js:1886:20\n    at new Promise (<anonymous>)\n    at runWithTimeout (file:///Users/davidleathers/taskmaster-ui/node_modules/@vitest/runner/dist/chunk-hooks.js:1852:10)\n    at runHook (file:///Users/davidleathers/taskmaster-ui/node_modules/@vitest/runner/dist/chunk-hooks.js:1430:51)\n    at callSuiteHook (file:///Users/davidleathers/taskmaster-ui/node_modules/@vitest/runner/dist/chunk-hooks.js:1436:25)\n    at callSuiteHook (file:///Users/davidleathers/taskmaster-ui/node_modules/@vitest/runner/dist/chunk-hooks.js:1423:21)\n    at runTest (file:///Users/davidleathers/taskmaster-ui/node_modules/@vitest/runner/dist/chunk-hooks.js:1555:26)"],"location":{"line":31,"column":5},"meta":{}},{"ancestorTitles":["Electron App Lifecycle Integration","App Startup"],"fullName":"Electron App Lifecycle Integration App Startup should create main window with correct properties","status":"failed","title":"should create main window with correct properties","duration":1.291249999999991,"failureMessages":["Error: Electron app not found at /Users/davidleathers/taskmaster-ui/dist/main/index.js. Run 'npm run build' first.\n    at launchElectronApp (/Users/davidleathers/taskmaster-ui/tests/setup/integration.setup.ts:58:11)\n    at /Users/davidleathers/taskmaster-ui/tests/integration/app-lifecycle.test.ts:19:25\n    at file:///Users/davidleathers/taskmaster-ui/node_modules/@vitest/runner/dist/chunk-hooks.js:154:11\n    at file:///Users/davidleathers/taskmaster-ui/node_modules/@vitest/runner/dist/chunk-hooks.js:1886:20\n    at new Promise (<anonymous>)\n    at runWithTimeout (file:///Users/davidleathers/taskmaster-ui/node_modules/@vitest/runner/dist/chunk-hooks.js:1852:10)\n    at runHook (file:///Users/davidleathers/taskmaster-ui/node_modules/@vitest/runner/dist/chunk-hooks.js:1430:51)\n    at callSuiteHook (file:///Users/davidleathers/taskmaster-ui/node_modules/@vitest/runner/dist/chunk-hooks.js:1436:25)\n    at callSuiteHook (file:///Users/davidleathers/taskmaster-ui/node_modules/@vitest/runner/dist/chunk-hooks.js:1423:21)\n    at runTest (file:///Users/davidleathers/taskmaster-ui/node_modules/@vitest/runner/dist/chunk-hooks.js:1555:26)"],"location":{"line":42,"column":5},"meta":{}},{"ancestorTitles":["Electron App Lifecycle Integration","App Startup"],"fullName":"Electron App Lifecycle Integration App Startup should load React application in renderer","status":"failed","title":"should load React application in renderer","duration":0.7847079999999096,"failureMessages":["Error: Electron app not found at /Users/davidleathers/taskmaster-ui/dist/main/index.js. Run 'npm run build' first.\n    at launchElectronApp (/Users/davidleathers/taskmaster-ui/tests/setup/integration.setup.ts:58:11)\n    at /Users/davidleathers/taskmaster-ui/tests/integration/app-lifecycle.test.ts:19:25\n    at file:///Users/davidleathers/taskmaster-ui/node_modules/@vitest/runner/dist/chunk-hooks.js:154:11\n    at file:///Users/davidleathers/taskmaster-ui/node_modules/@vitest/runner/dist/chunk-hooks.js:1886:20\n    at new Promise (<anonymous>)\n    at runWithTimeout (file:///Users/davidleathers/taskmaster-ui/node_modules/@vitest/runner/dist/chunk-hooks.js:1852:10)\n    at runHook (file:///Users/davidleathers/taskmaster-ui/node_modules/@vitest/runner/dist/chunk-hooks.js:1430:51)\n    at callSuiteHook (file:///Users/davidleathers/taskmaster-ui/node_modules/@vitest/runner/dist/chunk-hooks.js:1436:25)\n    at callSuiteHook (file:///Users/davidleathers/taskmaster-ui/node_modules/@vitest/runner/dist/chunk-hooks.js:1423:21)\n    at runTest (file:///Users/davidleathers/taskmaster-ui/node_modules/@vitest/runner/dist/chunk-hooks.js:1555:26)"],"location":{"line":58,"column":5},"meta":{}},{"ancestorTitles":["Electron App Lifecycle Integration","Window Management"],"fullName":"Electron App Lifecycle Integration Window Management should handle window minimize and restore","status":"failed","title":"should handle window minimize and restore","duration":3.053083000000015,"failureMessages":["Error: Electron app not found at /Users/davidleathers/taskmaster-ui/dist/main/index.js. Run 'npm run build' first.\n    at launchElectronApp (/Users/davidleathers/taskmaster-ui/tests/setup/integration.setup.ts:58:11)\n    at /Users/davidleathers/taskmaster-ui/tests/integration/app-lifecycle.test.ts:19:25\n    at file:///Users/davidleathers/taskmaster-ui/node_modules/@vitest/runner/dist/chunk-hooks.js:154:11\n    at file:///Users/davidleathers/taskmaster-ui/node_modules/@vitest/runner/dist/chunk-hooks.js:1886:20\n    at new Promise (<anonymous>)\n    at runWithTimeout (file:///Users/davidleathers/taskmaster-ui/node_modules/@vitest/runner/dist/chunk-hooks.js:1852:10)\n    at runHook (file:///Users/davidleathers/taskmaster-ui/node_modules/@vitest/runner/dist/chunk-hooks.js:1430:51)\n    at callSuiteHook (file:///Users/davidleathers/taskmaster-ui/node_modules/@vitest/runner/dist/chunk-hooks.js:1436:25)\n    at callSuiteHook (file:///Users/davidleathers/taskmaster-ui/node_modules/@vitest/runner/dist/chunk-hooks.js:1423:21)\n    at runTest (file:///Users/davidleathers/taskmaster-ui/node_modules/@vitest/runner/dist/chunk-hooks.js:1555:26)"],"location":{"line":72,"column":5},"meta":{}},{"ancestorTitles":["Electron App Lifecycle Integration","Window Management"],"fullName":"Electron App Lifecycle Integration Window Management should maintain window bounds correctly","status":"failed","title":"should maintain window bounds correctly","duration":1.562791999999945,"failureMessages":["Error: Electron app not found at /Users/davidleathers/taskmaster-ui/dist/main/index.js. Run 'npm run build' first.\n    at launchElectronApp (/Users/davidleathers/taskmaster-ui/tests/setup/integration.setup.ts:58:11)\n    at /Users/davidleathers/taskmaster-ui/tests/integration/app-lifecycle.test.ts:19:25\n    at file:///Users/davidleathers/taskmaster-ui/node_modules/@vitest/runner/dist/chunk-hooks.js:154:11\n    at file:///Users/davidleathers/taskmaster-ui/node_modules/@vitest/runner/dist/chunk-hooks.js:1886:20\n    at new Promise (<anonymous>)\n    at runWithTimeout (file:///Users/davidleathers/taskmaster-ui/node_modules/@vitest/runner/dist/chunk-hooks.js:1852:10)\n    at runHook (file:///Users/davidleathers/taskmaster-ui/node_modules/@vitest/runner/dist/chunk-hooks.js:1430:51)\n    at callSuiteHook (file:///Users/davidleathers/taskmaster-ui/node_modules/@vitest/runner/dist/chunk-hooks.js:1436:25)\n    at callSuiteHook (file:///Users/davidleathers/taskmaster-ui/node_modules/@vitest/runner/dist/chunk-hooks.js:1423:21)\n    at runTest (file:///Users/davidleathers/taskmaster-ui/node_modules/@vitest/runner/dist/chunk-hooks.js:1555:26)"],"location":{"line":100,"column":5},"meta":{}},{"ancestorTitles":["Electron App Lifecycle Integration","IPC Communication"],"fullName":"Electron App Lifecycle Integration IPC Communication should establish IPC communication between main and renderer","status":"failed","title":"should establish IPC communication between main and renderer","duration":1.4078340000000935,"failureMessages":["Error: Electron app not found at /Users/davidleathers/taskmaster-ui/dist/main/index.js. Run 'npm run build' first.\n    at launchElectronApp (/Users/davidleathers/taskmaster-ui/tests/setup/integration.setup.ts:58:11)\n    at /Users/davidleathers/taskmaster-ui/tests/integration/app-lifecycle.test.ts:19:25\n    at file:///Users/davidleathers/taskmaster-ui/node_modules/@vitest/runner/dist/chunk-hooks.js:154:11\n    at file:///Users/davidleathers/taskmaster-ui/node_modules/@vitest/runner/dist/chunk-hooks.js:1886:20\n    at new Promise (<anonymous>)\n    at runWithTimeout (file:///Users/davidleathers/taskmaster-ui/node_modules/@vitest/runner/dist/chunk-hooks.js:1852:10)\n    at runHook (file:///Users/davidleathers/taskmaster-ui/node_modules/@vitest/runner/dist/chunk-hooks.js:1430:51)\n    at callSuiteHook (file:///Users/davidleathers/taskmaster-ui/node_modules/@vitest/runner/dist/chunk-hooks.js:1436:25)\n    at callSuiteHook (file:///Users/davidleathers/taskmaster-ui/node_modules/@vitest/runner/dist/chunk-hooks.js:1423:21)\n    at runTest (file:///Users/davidleathers/taskmaster-ui/node_modules/@vitest/runner/dist/chunk-hooks.js:1555:26)"],"location":{"line":116,"column":5},"meta":{}},{"ancestorTitles":["Electron App Lifecycle Integration","IPC Communication"],"fullName":"Electron App Lifecycle Integration IPC Communication should handle IPC errors gracefully","status":"failed","title":"should handle IPC errors gracefully","duration":1.6873329999998532,"failureMessages":["Error: Electron app not found at /Users/davidleathers/taskmaster-ui/dist/main/index.js. Run 'npm run build' first.\n    at launchElectronApp (/Users/davidleathers/taskmaster-ui/tests/setup/integration.setup.ts:58:11)\n    at /Users/davidleathers/taskmaster-ui/tests/integration/app-lifecycle.test.ts:19:25\n    at file:///Users/davidleathers/taskmaster-ui/node_modules/@vitest/runner/dist/chunk-hooks.js:154:11\n    at file:///Users/davidleathers/taskmaster-ui/node_modules/@vitest/runner/dist/chunk-hooks.js:1886:20\n    at new Promise (<anonymous>)\n    at runWithTimeout (file:///Users/davidleathers/taskmaster-ui/node_modules/@vitest/runner/dist/chunk-hooks.js:1852:10)\n    at runHook (file:///Users/davidleathers/taskmaster-ui/node_modules/@vitest/runner/dist/chunk-hooks.js:1430:51)\n    at callSuiteHook (file:///Users/davidleathers/taskmaster-ui/node_modules/@vitest/runner/dist/chunk-hooks.js:1436:25)\n    at callSuiteHook (file:///Users/davidleathers/taskmaster-ui/node_modules/@vitest/runner/dist/chunk-hooks.js:1423:21)\n    at runTest (file:///Users/davidleathers/taskmaster-ui/node_modules/@vitest/runner/dist/chunk-hooks.js:1555:26)"],"location":{"line":129,"column":5},"meta":{}},{"ancestorTitles":["Electron App Lifecycle Integration","App Shutdown"],"fullName":"Electron App Lifecycle Integration App Shutdown should close gracefully when window is closed","status":"failed","title":"should close gracefully when window is closed","duration":2.934916999999814,"failureMessages":["Error: Electron app not found at /Users/davidleathers/taskmaster-ui/dist/main/index.js. Run 'npm run build' first.\n    at launchElectronApp (/Users/davidleathers/taskmaster-ui/tests/setup/integration.setup.ts:58:11)\n    at /Users/davidleathers/taskmaster-ui/tests/integration/app-lifecycle.test.ts:19:25\n    at file:///Users/davidleathers/taskmaster-ui/node_modules/@vitest/runner/dist/chunk-hooks.js:154:11\n    at file:///Users/davidleathers/taskmaster-ui/node_modules/@vitest/runner/dist/chunk-hooks.js:1886:20\n    at new Promise (<anonymous>)\n    at runWithTimeout (file:///Users/davidleathers/taskmaster-ui/node_modules/@vitest/runner/dist/chunk-hooks.js:1852:10)\n    at runHook (file:///Users/davidleathers/taskmaster-ui/node_modules/@vitest/runner/dist/chunk-hooks.js:1430:51)\n    at callSuiteHook (file:///Users/davidleathers/taskmaster-ui/node_modules/@vitest/runner/dist/chunk-hooks.js:1436:25)\n    at callSuiteHook (file:///Users/davidleathers/taskmaster-ui/node_modules/@vitest/runner/dist/chunk-hooks.js:1423:21)\n    at runTest (file:///Users/davidleathers/taskmaster-ui/node_modules/@vitest/runner/dist/chunk-hooks.js:1555:26)"],"location":{"line":149,"column":5},"meta":{}},{"ancestorTitles":["Electron App Lifecycle Integration","App Shutdown"],"fullName":"Electron App Lifecycle Integration App Shutdown should clean up resources on quit","status":"failed","title":"should clean up resources on quit","duration":2.140999999999849,"failureMessages":["Error: Electron app not found at /Users/davidleathers/taskmaster-ui/dist/main/index.js. Run 'npm run build' first.\n    at launchElectronApp (/Users/davidleathers/taskmaster-ui/tests/setup/integration.setup.ts:58:11)\n    at /Users/davidleathers/taskmaster-ui/tests/integration/app-lifecycle.test.ts:19:25\n    at file:///Users/davidleathers/taskmaster-ui/node_modules/@vitest/runner/dist/chunk-hooks.js:154:11\n    at file:///Users/davidleathers/taskmaster-ui/node_modules/@vitest/runner/dist/chunk-hooks.js:1886:20\n    at new Promise (<anonymous>)\n    at runWithTimeout (file:///Users/davidleathers/taskmaster-ui/node_modules/@vitest/runner/dist/chunk-hooks.js:1852:10)\n    at runHook (file:///Users/davidleathers/taskmaster-ui/node_modules/@vitest/runner/dist/chunk-hooks.js:1430:51)\n    at callSuiteHook (file:///Users/davidleathers/taskmaster-ui/node_modules/@vitest/runner/dist/chunk-hooks.js:1436:25)\n    at callSuiteHook (file:///Users/davidleathers/taskmaster-ui/node_modules/@vitest/runner/dist/chunk-hooks.js:1423:21)\n    at runTest (file:///Users/davidleathers/taskmaster-ui/node_modules/@vitest/runner/dist/chunk-hooks.js:1555:26)"],"location":{"line":166,"column":5},"meta":{}},{"ancestorTitles":["Electron App Lifecycle Integration","Error Handling"],"fullName":"Electron App Lifecycle Integration Error Handling should handle renderer process errors without crashing","status":"failed","title":"should handle renderer process errors without crashing","duration":1.1767919999999776,"failureMessages":["Error: Electron app not found at /Users/davidleathers/taskmaster-ui/dist/main/index.js. Run 'npm run build' first.\n    at launchElectronApp (/Users/davidleathers/taskmaster-ui/tests/setup/integration.setup.ts:58:11)\n    at /Users/davidleathers/taskmaster-ui/tests/integration/app-lifecycle.test.ts:19:25\n    at file:///Users/davidleathers/taskmaster-ui/node_modules/@vitest/runner/dist/chunk-hooks.js:154:11\n    at file:///Users/davidleathers/taskmaster-ui/node_modules/@vitest/runner/dist/chunk-hooks.js:1886:20\n    at new Promise (<anonymous>)\n    at runWithTimeout (file:///Users/davidleathers/taskmaster-ui/node_modules/@vitest/runner/dist/chunk-hooks.js:1852:10)\n    at runHook (file:///Users/davidleathers/taskmaster-ui/node_modules/@vitest/runner/dist/chunk-hooks.js:1430:51)\n    at callSuiteHook (file:///Users/davidleathers/taskmaster-ui/node_modules/@vitest/runner/dist/chunk-hooks.js:1436:25)\n    at callSuiteHook (file:///Users/davidleathers/taskmaster-ui/node_modules/@vitest/runner/dist/chunk-hooks.js:1423:21)\n    at runTest (file:///Users/davidleathers/taskmaster-ui/node_modules/@vitest/runner/dist/chunk-hooks.js:1555:26)"],"location":{"line":181,"column":5},"meta":{}},{"ancestorTitles":["Electron App Lifecycle Integration","Error Handling"],"fullName":"Electron App Lifecycle Integration Error Handling should maintain app stability after navigation errors","status":"failed","title":"should maintain app stability after navigation errors","duration":0.8952079999999114,"failureMessages":["Error: Electron app not found at /Users/davidleathers/taskmaster-ui/dist/main/index.js. Run 'npm run build' first.\n    at launchElectronApp (/Users/davidleathers/taskmaster-ui/tests/setup/integration.setup.ts:58:11)\n    at /Users/davidleathers/taskmaster-ui/tests/integration/app-lifecycle.test.ts:19:25\n    at file:///Users/davidleathers/taskmaster-ui/node_modules/@vitest/runner/dist/chunk-hooks.js:154:11\n    at file:///Users/davidleathers/taskmaster-ui/node_modules/@vitest/runner/dist/chunk-hooks.js:1886:20\n    at new Promise (<anonymous>)\n    at runWithTimeout (file:///Users/davidleathers/taskmaster-ui/node_modules/@vitest/runner/dist/chunk-hooks.js:1852:10)\n    at runHook (file:///Users/davidleathers/taskmaster-ui/node_modules/@vitest/runner/dist/chunk-hooks.js:1430:51)\n    at callSuiteHook (file:///Users/davidleathers/taskmaster-ui/node_modules/@vitest/runner/dist/chunk-hooks.js:1436:25)\n    at callSuiteHook (file:///Users/davidleathers/taskmaster-ui/node_modules/@vitest/runner/dist/chunk-hooks.js:1423:21)\n    at runTest (file:///Users/davidleathers/taskmaster-ui/node_modules/@vitest/runner/dist/chunk-hooks.js:1555:26)"],"location":{"line":198,"column":5},"meta":{}}],"startTime":1748947554341,"endTime":1748947554370.8953,"status":"failed","message":"","name":"/Users/davidleathers/taskmaster-ui/tests/integration/app-lifecycle.test.ts"},{"assertionResults":[{"ancestorTitles":["Integration Baseline Validation","Application Startup"],"fullName":"Integration Baseline Validation Application Startup should launch application successfully","status":"failed","title":"should launch application successfully","duration":4.608584000000064,"failureMessages":["Error: Electron app not found at /Users/davidleathers/taskmaster-ui/dist/main/index.js. Run 'npm run build' first.\n    at launchElectronApp (/Users/davidleathers/taskmaster-ui/tests/setup/integration.setup.ts:58:11)\n    at /Users/davidleathers/taskmaster-ui/tests/integration/baseline.test.ts:19:25\n    at file:///Users/davidleathers/taskmaster-ui/node_modules/@vitest/runner/dist/chunk-hooks.js:154:11\n    at file:///Users/davidleathers/taskmaster-ui/node_modules/@vitest/runner/dist/chunk-hooks.js:1886:20\n    at new Promise (<anonymous>)\n    at runWithTimeout (file:///Users/davidleathers/taskmaster-ui/node_modules/@vitest/runner/dist/chunk-hooks.js:1852:10)\n    at runHook (file:///Users/davidleathers/taskmaster-ui/node_modules/@vitest/runner/dist/chunk-hooks.js:1430:51)\n    at callSuiteHook (file:///Users/davidleathers/taskmaster-ui/node_modules/@vitest/runner/dist/chunk-hooks.js:1436:25)\n    at callSuiteHook (file:///Users/davidleathers/taskmaster-ui/node_modules/@vitest/runner/dist/chunk-hooks.js:1423:21)\n    at runTest (file:///Users/davidleathers/taskmaster-ui/node_modules/@vitest/runner/dist/chunk-hooks.js:1555:26)"],"location":{"line":33,"column":5},"meta":{}},{"ancestorTitles":["Integration Baseline Validation","Application Startup"],"fullName":"Integration Baseline Validation Application Startup should create main window with correct properties","status":"failed","title":"should create main window with correct properties","duration":0.7393750000001091,"failureMessages":["Error: Electron app not found at /Users/davidleathers/taskmaster-ui/dist/main/index.js. Run 'npm run build' first.\n    at launchElectronApp (/Users/davidleathers/taskmaster-ui/tests/setup/integration.setup.ts:58:11)\n    at /Users/davidleathers/taskmaster-ui/tests/integration/baseline.test.ts:19:25\n    at file:///Users/davidleathers/taskmaster-ui/node_modules/@vitest/runner/dist/chunk-hooks.js:154:11\n    at file:///Users/davidleathers/taskmaster-ui/node_modules/@vitest/runner/dist/chunk-hooks.js:1886:20\n    at new Promise (<anonymous>)\n    at runWithTimeout (file:///Users/davidleathers/taskmaster-ui/node_modules/@vitest/runner/dist/chunk-hooks.js:1852:10)\n    at runHook (file:///Users/davidleathers/taskmaster-ui/node_modules/@vitest/runner/dist/chunk-hooks.js:1430:51)\n    at callSuiteHook (file:///Users/davidleathers/taskmaster-ui/node_modules/@vitest/runner/dist/chunk-hooks.js:1436:25)\n    at callSuiteHook (file:///Users/davidleathers/taskmaster-ui/node_modules/@vitest/runner/dist/chunk-hooks.js:1423:21)\n    at runTest (file:///Users/davidleathers/taskmaster-ui/node_modules/@vitest/runner/dist/chunk-hooks.js:1555:26)"],"location":{"line":43,"column":5},"meta":{}},{"ancestorTitles":["Integration Baseline Validation","Application Startup"],"fullName":"Integration Baseline Validation Application Startup should have correct window bounds","status":"failed","title":"should have correct window bounds","duration":0.42733300000008967,"failureMessages":["Error: Electron app not found at /Users/davidleathers/taskmaster-ui/dist/main/index.js. Run 'npm run build' first.\n    at launchElectronApp (/Users/davidleathers/taskmaster-ui/tests/setup/integration.setup.ts:58:11)\n    at /Users/davidleathers/taskmaster-ui/tests/integration/baseline.test.ts:19:25\n    at file:///Users/davidleathers/taskmaster-ui/node_modules/@vitest/runner/dist/chunk-hooks.js:154:11\n    at file:///Users/davidleathers/taskmaster-ui/node_modules/@vitest/runner/dist/chunk-hooks.js:1886:20\n    at new Promise (<anonymous>)\n    at runWithTimeout (file:///Users/davidleathers/taskmaster-ui/node_modules/@vitest/runner/dist/chunk-hooks.js:1852:10)\n    at runHook (file:///Users/davidleathers/taskmaster-ui/node_modules/@vitest/runner/dist/chunk-hooks.js:1430:51)\n    at callSuiteHook (file:///Users/davidleathers/taskmaster-ui/node_modules/@vitest/runner/dist/chunk-hooks.js:1436:25)\n    at callSuiteHook (file:///Users/davidleathers/taskmaster-ui/node_modules/@vitest/runner/dist/chunk-hooks.js:1423:21)\n    at runTest (file:///Users/davidleathers/taskmaster-ui/node_modules/@vitest/runner/dist/chunk-hooks.js:1555:26)"],"location":{"line":59,"column":5},"meta":{}},{"ancestorTitles":["Integration Baseline Validation","Renderer Process Loading"],"fullName":"Integration Baseline Validation Renderer Process Loading should load renderer content","status":"failed","title":"should load renderer content","duration":2.1285830000001624,"failureMessages":["Error: Electron app not found at /Users/davidleathers/taskmaster-ui/dist/main/index.js. Run 'npm run build' first.\n    at launchElectronApp (/Users/davidleathers/taskmaster-ui/tests/setup/integration.setup.ts:58:11)\n    at /Users/davidleathers/taskmaster-ui/tests/integration/baseline.test.ts:19:25\n    at file:///Users/davidleathers/taskmaster-ui/node_modules/@vitest/runner/dist/chunk-hooks.js:154:11\n    at file:///Users/davidleathers/taskmaster-ui/node_modules/@vitest/runner/dist/chunk-hooks.js:1886:20\n    at new Promise (<anonymous>)\n    at runWithTimeout (file:///Users/davidleathers/taskmaster-ui/node_modules/@vitest/runner/dist/chunk-hooks.js:1852:10)\n    at runHook (file:///Users/davidleathers/taskmaster-ui/node_modules/@vitest/runner/dist/chunk-hooks.js:1430:51)\n    at callSuiteHook (file:///Users/davidleathers/taskmaster-ui/node_modules/@vitest/runner/dist/chunk-hooks.js:1436:25)\n    at callSuiteHook (file:///Users/davidleathers/taskmaster-ui/node_modules/@vitest/runner/dist/chunk-hooks.js:1423:21)\n    at runTest (file:///Users/davidleathers/taskmaster-ui/node_modules/@vitest/runner/dist/chunk-hooks.js:1555:26)"],"location":{"line":76,"column":5},"meta":{}},{"ancestorTitles":["Integration Baseline Validation","Renderer Process Loading"],"fullName":"Integration Baseline Validation Renderer Process Loading should load React application","status":"failed","title":"should load React application","duration":1.0370419999999285,"failureMessages":["Error: Electron app not found at /Users/davidleathers/taskmaster-ui/dist/main/index.js. Run 'npm run build' first.\n    at launchElectronApp (/Users/davidleathers/taskmaster-ui/tests/setup/integration.setup.ts:58:11)\n    at /Users/davidleathers/taskmaster-ui/tests/integration/baseline.test.ts:19:25\n    at file:///Users/davidleathers/taskmaster-ui/node_modules/@vitest/runner/dist/chunk-hooks.js:154:11\n    at file:///Users/davidleathers/taskmaster-ui/node_modules/@vitest/runner/dist/chunk-hooks.js:1886:20\n    at new Promise (<anonymous>)\n    at runWithTimeout (file:///Users/davidleathers/taskmaster-ui/node_modules/@vitest/runner/dist/chunk-hooks.js:1852:10)\n    at runHook (file:///Users/davidleathers/taskmaster-ui/node_modules/@vitest/runner/dist/chunk-hooks.js:1430:51)\n    at callSuiteHook (file:///Users/davidleathers/taskmaster-ui/node_modules/@vitest/runner/dist/chunk-hooks.js:1436:25)\n    at callSuiteHook (file:///Users/davidleathers/taskmaster-ui/node_modules/@vitest/runner/dist/chunk-hooks.js:1423:21)\n    at runTest (file:///Users/davidleathers/taskmaster-ui/node_modules/@vitest/runner/dist/chunk-hooks.js:1555:26)"],"location":{"line":85,"column":5},"meta":{}},{"ancestorTitles":["Integration Baseline Validation","Renderer Process Loading"],"fullName":"Integration Baseline Validation Renderer Process Loading should not have console errors","status":"failed","title":"should not have console errors","duration":0.8056249999999636,"failureMessages":["Error: Electron app not found at /Users/davidleathers/taskmaster-ui/dist/main/index.js. Run 'npm run build' first.\n    at launchElectronApp (/Users/davidleathers/taskmaster-ui/tests/setup/integration.setup.ts:58:11)\n    at /Users/davidleathers/taskmaster-ui/tests/integration/baseline.test.ts:19:25\n    at file:///Users/davidleathers/taskmaster-ui/node_modules/@vitest/runner/dist/chunk-hooks.js:154:11\n    at file:///Users/davidleathers/taskmaster-ui/node_modules/@vitest/runner/dist/chunk-hooks.js:1886:20\n    at new Promise (<anonymous>)\n    at runWithTimeout (file:///Users/davidleathers/taskmaster-ui/node_modules/@vitest/runner/dist/chunk-hooks.js:1852:10)\n    at runHook (file:///Users/davidleathers/taskmaster-ui/node_modules/@vitest/runner/dist/chunk-hooks.js:1430:51)\n    at callSuiteHook (file:///Users/davidleathers/taskmaster-ui/node_modules/@vitest/runner/dist/chunk-hooks.js:1436:25)\n    at callSuiteHook (file:///Users/davidleathers/taskmaster-ui/node_modules/@vitest/runner/dist/chunk-hooks.js:1423:21)\n    at runTest (file:///Users/davidleathers/taskmaster-ui/node_modules/@vitest/runner/dist/chunk-hooks.js:1555:26)"],"location":{"line":103,"column":5},"meta":{}},{"ancestorTitles":["Integration Baseline Validation","IPC Communication"],"fullName":"Integration Baseline Validation IPC Communication should establish IPC communication","status":"failed","title":"should establish IPC communication","duration":0.8861249999999927,"failureMessages":["Error: Electron app not found at /Users/davidleathers/taskmaster-ui/dist/main/index.js. Run 'npm run build' first.\n    at launchElectronApp (/Users/davidleathers/taskmaster-ui/tests/setup/integration.setup.ts:58:11)\n    at /Users/davidleathers/taskmaster-ui/tests/integration/baseline.test.ts:19:25\n    at file:///Users/davidleathers/taskmaster-ui/node_modules/@vitest/runner/dist/chunk-hooks.js:154:11\n    at file:///Users/davidleathers/taskmaster-ui/node_modules/@vitest/runner/dist/chunk-hooks.js:1886:20\n    at new Promise (<anonymous>)\n    at runWithTimeout (file:///Users/davidleathers/taskmaster-ui/node_modules/@vitest/runner/dist/chunk-hooks.js:1852:10)\n    at runHook (file:///Users/davidleathers/taskmaster-ui/node_modules/@vitest/runner/dist/chunk-hooks.js:1430:51)\n    at callSuiteHook (file:///Users/davidleathers/taskmaster-ui/node_modules/@vitest/runner/dist/chunk-hooks.js:1436:25)\n    at callSuiteHook (file:///Users/davidleathers/taskmaster-ui/node_modules/@vitest/runner/dist/chunk-hooks.js:1423:21)\n    at runTest (file:///Users/davidleathers/taskmaster-ui/node_modules/@vitest/runner/dist/chunk-hooks.js:1555:26)"],"location":{"line":127,"column":5},"meta":{}},{"ancestorTitles":["Integration Baseline Validation","IPC Communication"],"fullName":"Integration Baseline Validation IPC Communication should handle basic IPC invoke calls","status":"failed","title":"should handle basic IPC invoke calls","duration":0.9243750000000546,"failureMessages":["Error: Electron app not found at /Users/davidleathers/taskmaster-ui/dist/main/index.js. Run 'npm run build' first.\n    at launchElectronApp (/Users/davidleathers/taskmaster-ui/tests/setup/integration.setup.ts:58:11)\n    at /Users/davidleathers/taskmaster-ui/tests/integration/baseline.test.ts:19:25\n    at file:///Users/davidleathers/taskmaster-ui/node_modules/@vitest/runner/dist/chunk-hooks.js:154:11\n    at file:///Users/davidleathers/taskmaster-ui/node_modules/@vitest/runner/dist/chunk-hooks.js:1886:20\n    at new Promise (<anonymous>)\n    at runWithTimeout (file:///Users/davidleathers/taskmaster-ui/node_modules/@vitest/runner/dist/chunk-hooks.js:1852:10)\n    at runHook (file:///Users/davidleathers/taskmaster-ui/node_modules/@vitest/runner/dist/chunk-hooks.js:1430:51)\n    at callSuiteHook (file:///Users/davidleathers/taskmaster-ui/node_modules/@vitest/runner/dist/chunk-hooks.js:1436:25)\n    at callSuiteHook (file:///Users/davidleathers/taskmaster-ui/node_modules/@vitest/runner/dist/chunk-hooks.js:1423:21)\n    at runTest (file:///Users/davidleathers/taskmaster-ui/node_modules/@vitest/runner/dist/chunk-hooks.js:1555:26)"],"location":{"line":136,"column":5},"meta":{}},{"ancestorTitles":["Integration Baseline Validation","IPC Communication"],"fullName":"Integration Baseline Validation IPC Communication should handle IPC errors gracefully","status":"failed","title":"should handle IPC errors gracefully","duration":2.898041999999805,"failureMessages":["Error: Electron app not found at /Users/davidleathers/taskmaster-ui/dist/main/index.js. Run 'npm run build' first.\n    at launchElectronApp (/Users/davidleathers/taskmaster-ui/tests/setup/integration.setup.ts:58:11)\n    at /Users/davidleathers/taskmaster-ui/tests/integration/baseline.test.ts:19:25\n    at file:///Users/davidleathers/taskmaster-ui/node_modules/@vitest/runner/dist/chunk-hooks.js:154:11\n    at file:///Users/davidleathers/taskmaster-ui/node_modules/@vitest/runner/dist/chunk-hooks.js:1886:20\n    at new Promise (<anonymous>)\n    at runWithTimeout (file:///Users/davidleathers/taskmaster-ui/node_modules/@vitest/runner/dist/chunk-hooks.js:1852:10)\n    at runHook (file:///Users/davidleathers/taskmaster-ui/node_modules/@vitest/runner/dist/chunk-hooks.js:1430:51)\n    at callSuiteHook (file:///Users/davidleathers/taskmaster-ui/node_modules/@vitest/runner/dist/chunk-hooks.js:1436:25)\n    at callSuiteHook (file:///Users/davidleathers/taskmaster-ui/node_modules/@vitest/runner/dist/chunk-hooks.js:1423:21)\n    at runTest (file:///Users/davidleathers/taskmaster-ui/node_modules/@vitest/runner/dist/chunk-hooks.js:1555:26)"],"location":{"line":156,"column":5},"meta":{}},{"ancestorTitles":["Integration Baseline Validation","Window Management"],"fullName":"Integration Baseline Validation Window Management should handle window operations","status":"failed","title":"should handle window operations","duration":1.1303330000000642,"failureMessages":["Error: Electron app not found at /Users/davidleathers/taskmaster-ui/dist/main/index.js. Run 'npm run build' first.\n    at launchElectronApp (/Users/davidleathers/taskmaster-ui/tests/setup/integration.setup.ts:58:11)\n    at /Users/davidleathers/taskmaster-ui/tests/integration/baseline.test.ts:19:25\n    at file:///Users/davidleathers/taskmaster-ui/node_modules/@vitest/runner/dist/chunk-hooks.js:154:11\n    at file:///Users/davidleathers/taskmaster-ui/node_modules/@vitest/runner/dist/chunk-hooks.js:1886:20\n    at new Promise (<anonymous>)\n    at runWithTimeout (file:///Users/davidleathers/taskmaster-ui/node_modules/@vitest/runner/dist/chunk-hooks.js:1852:10)\n    at runHook (file:///Users/davidleathers/taskmaster-ui/node_modules/@vitest/runner/dist/chunk-hooks.js:1430:51)\n    at callSuiteHook (file:///Users/davidleathers/taskmaster-ui/node_modules/@vitest/runner/dist/chunk-hooks.js:1436:25)\n    at callSuiteHook (file:///Users/davidleathers/taskmaster-ui/node_modules/@vitest/runner/dist/chunk-hooks.js:1423:21)\n    at runTest (file:///Users/davidleathers/taskmaster-ui/node_modules/@vitest/runner/dist/chunk-hooks.js:1555:26)"],"location":{"line":175,"column":5},"meta":{}},{"ancestorTitles":["Integration Baseline Validation","Window Management"],"fullName":"Integration Baseline Validation Window Management should maintain window count","status":"failed","title":"should maintain window count","duration":1.8179169999998521,"failureMessages":["Error: Electron app not found at /Users/davidleathers/taskmaster-ui/dist/main/index.js. Run 'npm run build' first.\n    at launchElectronApp (/Users/davidleathers/taskmaster-ui/tests/setup/integration.setup.ts:58:11)\n    at /Users/davidleathers/taskmaster-ui/tests/integration/baseline.test.ts:19:25\n    at file:///Users/davidleathers/taskmaster-ui/node_modules/@vitest/runner/dist/chunk-hooks.js:154:11\n    at file:///Users/davidleathers/taskmaster-ui/node_modules/@vitest/runner/dist/chunk-hooks.js:1886:20\n    at new Promise (<anonymous>)\n    at runWithTimeout (file:///Users/davidleathers/taskmaster-ui/node_modules/@vitest/runner/dist/chunk-hooks.js:1852:10)\n    at runHook (file:///Users/davidleathers/taskmaster-ui/node_modules/@vitest/runner/dist/chunk-hooks.js:1430:51)\n    at callSuiteHook (file:///Users/davidleathers/taskmaster-ui/node_modules/@vitest/runner/dist/chunk-hooks.js:1436:25)\n    at callSuiteHook (file:///Users/davidleathers/taskmaster-ui/node_modules/@vitest/runner/dist/chunk-hooks.js:1423:21)\n    at runTest (file:///Users/davidleathers/taskmaster-ui/node_modules/@vitest/runner/dist/chunk-hooks.js:1555:26)"],"location":{"line":201,"column":5},"meta":{}},{"ancestorTitles":["Integration Baseline Validation","Security Features"],"fullName":"Integration Baseline Validation Security Features should have context isolation enabled","status":"failed","title":"should have context isolation enabled","duration":0.7029579999998532,"failureMessages":["Error: Electron app not found at /Users/davidleathers/taskmaster-ui/dist/main/index.js. Run 'npm run build' first.\n    at launchElectronApp (/Users/davidleathers/taskmaster-ui/tests/setup/integration.setup.ts:58:11)\n    at /Users/davidleathers/taskmaster-ui/tests/integration/baseline.test.ts:19:25\n    at file:///Users/davidleathers/taskmaster-ui/node_modules/@vitest/runner/dist/chunk-hooks.js:154:11\n    at file:///Users/davidleathers/taskmaster-ui/node_modules/@vitest/runner/dist/chunk-hooks.js:1886:20\n    at new Promise (<anonymous>)\n    at runWithTimeout (file:///Users/davidleathers/taskmaster-ui/node_modules/@vitest/runner/dist/chunk-hooks.js:1852:10)\n    at runHook (file:///Users/davidleathers/taskmaster-ui/node_modules/@vitest/runner/dist/chunk-hooks.js:1430:51)\n    at callSuiteHook (file:///Users/davidleathers/taskmaster-ui/node_modules/@vitest/runner/dist/chunk-hooks.js:1436:25)\n    at callSuiteHook (file:///Users/davidleathers/taskmaster-ui/node_modules/@vitest/runner/dist/chunk-hooks.js:1423:21)\n    at runTest (file:///Users/davidleathers/taskmaster-ui/node_modules/@vitest/runner/dist/chunk-hooks.js:1555:26)"],"location":{"line":211,"column":5},"meta":{}},{"ancestorTitles":["Integration Baseline Validation","Security Features"],"fullName":"Integration Baseline Validation Security Features should have secure preload API","status":"failed","title":"should have secure preload API","duration":12.912333000000217,"failureMessages":["Error: Electron app not found at /Users/davidleathers/taskmaster-ui/dist/main/index.js. Run 'npm run build' first.\n    at launchElectronApp (/Users/davidleathers/taskmaster-ui/tests/setup/integration.setup.ts:58:11)\n    at /Users/davidleathers/taskmaster-ui/tests/integration/baseline.test.ts:19:25\n    at file:///Users/davidleathers/taskmaster-ui/node_modules/@vitest/runner/dist/chunk-hooks.js:154:11\n    at file:///Users/davidleathers/taskmaster-ui/node_modules/@vitest/runner/dist/chunk-hooks.js:1886:20\n    at new Promise (<anonymous>)\n    at runWithTimeout (file:///Users/davidleathers/taskmaster-ui/node_modules/@vitest/runner/dist/chunk-hooks.js:1852:10)\n    at runHook (file:///Users/davidleathers/taskmaster-ui/node_modules/@vitest/runner/dist/chunk-hooks.js:1430:51)\n    at callSuiteHook (file:///Users/davidleathers/taskmaster-ui/node_modules/@vitest/runner/dist/chunk-hooks.js:1436:25)\n    at callSuiteHook (file:///Users/davidleathers/taskmaster-ui/node_modules/@vitest/runner/dist/chunk-hooks.js:1423:21)\n    at runTest (file:///Users/davidleathers/taskmaster-ui/node_modules/@vitest/runner/dist/chunk-hooks.js:1555:26)"],"location":{"line":222,"column":5},"meta":{}},{"ancestorTitles":["Integration Baseline Validation","Performance Baseline"],"fullName":"Integration Baseline Validation Performance Baseline should start within acceptable time","status":"failed","title":"should start within acceptable time","duration":2.6758749999999054,"failureMessages":["Error: Electron app not found at /Users/davidleathers/taskmaster-ui/dist/main/index.js. Run 'npm run build' first.\n    at launchElectronApp (/Users/davidleathers/taskmaster-ui/tests/setup/integration.setup.ts:58:11)\n    at /Users/davidleathers/taskmaster-ui/tests/integration/baseline.test.ts:19:25\n    at file:///Users/davidleathers/taskmaster-ui/node_modules/@vitest/runner/dist/chunk-hooks.js:154:11\n    at file:///Users/davidleathers/taskmaster-ui/node_modules/@vitest/runner/dist/chunk-hooks.js:1886:20\n    at new Promise (<anonymous>)\n    at runWithTimeout (file:///Users/davidleathers/taskmaster-ui/node_modules/@vitest/runner/dist/chunk-hooks.js:1852:10)\n    at runHook (file:///Users/davidleathers/taskmaster-ui/node_modules/@vitest/runner/dist/chunk-hooks.js:1430:51)\n    at callSuiteHook (file:///Users/davidleathers/taskmaster-ui/node_modules/@vitest/runner/dist/chunk-hooks.js:1436:25)\n    at callSuiteHook (file:///Users/davidleathers/taskmaster-ui/node_modules/@vitest/runner/dist/chunk-hooks.js:1423:21)\n    at runTest (file:///Users/davidleathers/taskmaster-ui/node_modules/@vitest/runner/dist/chunk-hooks.js:1555:26)"],"location":{"line":244,"column":5},"meta":{}},{"ancestorTitles":["Integration Baseline Validation","Performance Baseline"],"fullName":"Integration Baseline Validation Performance Baseline should have reasonable memory usage","status":"failed","title":"should have reasonable memory usage","duration":51.930917000000136,"failureMessages":["Error: Electron app not found at /Users/davidleathers/taskmaster-ui/dist/main/index.js. Run 'npm run build' first.\n    at launchElectronApp (/Users/davidleathers/taskmaster-ui/tests/setup/integration.setup.ts:58:11)\n    at /Users/davidleathers/taskmaster-ui/tests/integration/baseline.test.ts:19:25\n    at file:///Users/davidleathers/taskmaster-ui/node_modules/@vitest/runner/dist/chunk-hooks.js:154:11\n    at file:///Users/davidleathers/taskmaster-ui/node_modules/@vitest/runner/dist/chunk-hooks.js:1886:20\n    at new Promise (<anonymous>)\n    at runWithTimeout (file:///Users/davidleathers/taskmaster-ui/node_modules/@vitest/runner/dist/chunk-hooks.js:1852:10)\n    at runHook (file:///Users/davidleathers/taskmaster-ui/node_modules/@vitest/runner/dist/chunk-hooks.js:1430:51)\n    at callSuiteHook (file:///Users/davidleathers/taskmaster-ui/node_modules/@vitest/runner/dist/chunk-hooks.js:1436:25)\n    at callSuiteHook (file:///Users/davidleathers/taskmaster-ui/node_modules/@vitest/runner/dist/chunk-hooks.js:1423:21)\n    at runTest (file:///Users/davidleathers/taskmaster-ui/node_modules/@vitest/runner/dist/chunk-hooks.js:1555:26)"],"location":{"line":254,"column":5},"meta":{}},{"ancestorTitles":["Integration Baseline Validation","Error Recovery"],"fullName":"Integration Baseline Validation Error Recovery should remain stable after renderer errors","status":"failed","title":"should remain stable after renderer errors","duration":24.095166999999947,"failureMessages":["Error: Electron app not found at /Users/davidleathers/taskmaster-ui/dist/main/index.js. Run 'npm run build' first.\n    at launchElectronApp (/Users/davidleathers/taskmaster-ui/tests/setup/integration.setup.ts:58:11)\n    at /Users/davidleathers/taskmaster-ui/tests/integration/baseline.test.ts:19:25\n    at file:///Users/davidleathers/taskmaster-ui/node_modules/@vitest/runner/dist/chunk-hooks.js:154:11\n    at file:///Users/davidleathers/taskmaster-ui/node_modules/@vitest/runner/dist/chunk-hooks.js:1886:20\n    at new Promise (<anonymous>)\n    at runWithTimeout (file:///Users/davidleathers/taskmaster-ui/node_modules/@vitest/runner/dist/chunk-hooks.js:1852:10)\n    at runHook (file:///Users/davidleathers/taskmaster-ui/node_modules/@vitest/runner/dist/chunk-hooks.js:1430:51)\n    at callSuiteHook (file:///Users/davidleathers/taskmaster-ui/node_modules/@vitest/runner/dist/chunk-hooks.js:1436:25)\n    at callSuiteHook (file:///Users/davidleathers/taskmaster-ui/node_modules/@vitest/runner/dist/chunk-hooks.js:1423:21)\n    at runTest (file:///Users/davidleathers/taskmaster-ui/node_modules/@vitest/runner/dist/chunk-hooks.js:1555:26)"],"location":{"line":268,"column":5},"meta":{}},{"ancestorTitles":["Integration Baseline Validation","Error Recovery"],"fullName":"Integration Baseline Validation Error Recovery should handle navigation errors gracefully","status":"failed","title":"should handle navigation errors gracefully","duration":0.9429170000003069,"failureMessages":["Error: Electron app not found at /Users/davidleathers/taskmaster-ui/dist/main/index.js. Run 'npm run build' first.\n    at launchElectronApp (/Users/davidleathers/taskmaster-ui/tests/setup/integration.setup.ts:58:11)\n    at /Users/davidleathers/taskmaster-ui/tests/integration/baseline.test.ts:19:25\n    at file:///Users/davidleathers/taskmaster-ui/node_modules/@vitest/runner/dist/chunk-hooks.js:154:11\n    at file:///Users/davidleathers/taskmaster-ui/node_modules/@vitest/runner/dist/chunk-hooks.js:1886:20\n    at new Promise (<anonymous>)\n    at runWithTimeout (file:///Users/davidleathers/taskmaster-ui/node_modules/@vitest/runner/dist/chunk-hooks.js:1852:10)\n    at runHook (file:///Users/davidleathers/taskmaster-ui/node_modules/@vitest/runner/dist/chunk-hooks.js:1430:51)\n    at callSuiteHook (file:///Users/davidleathers/taskmaster-ui/node_modules/@vitest/runner/dist/chunk-hooks.js:1436:25)\n    at callSuiteHook (file:///Users/davidleathers/taskmaster-ui/node_modules/@vitest/runner/dist/chunk-hooks.js:1423:21)\n    at runTest (file:///Users/davidleathers/taskmaster-ui/node_modules/@vitest/runner/dist/chunk-hooks.js:1555:26)"],"location":{"line":284,"column":5},"meta":{}},{"ancestorTitles":["Integration Baseline Validation","Shutdown Process"],"fullName":"Integration Baseline Validation Shutdown Process should close gracefully","status":"failed","title":"should close gracefully","duration":2.196957999999995,"failureMessages":["Error: Electron app not found at /Users/davidleathers/taskmaster-ui/dist/main/index.js. Run 'npm run build' first.\n    at launchElectronApp (/Users/davidleathers/taskmaster-ui/tests/setup/integration.setup.ts:58:11)\n    at /Users/davidleathers/taskmaster-ui/tests/integration/baseline.test.ts:19:25\n    at file:///Users/davidleathers/taskmaster-ui/node_modules/@vitest/runner/dist/chunk-hooks.js:154:11\n    at file:///Users/davidleathers/taskmaster-ui/node_modules/@vitest/runner/dist/chunk-hooks.js:1886:20\n    at new Promise (<anonymous>)\n    at runWithTimeout (file:///Users/davidleathers/taskmaster-ui/node_modules/@vitest/runner/dist/chunk-hooks.js:1852:10)\n    at runHook (file:///Users/davidleathers/taskmaster-ui/node_modules/@vitest/runner/dist/chunk-hooks.js:1430:51)\n    at callSuiteHook (file:///Users/davidleathers/taskmaster-ui/node_modules/@vitest/runner/dist/chunk-hooks.js:1436:25)\n    at callSuiteHook (file:///Users/davidleathers/taskmaster-ui/node_modules/@vitest/runner/dist/chunk-hooks.js:1423:21)\n    at runTest (file:///Users/davidleathers/taskmaster-ui/node_modules/@vitest/runner/dist/chunk-hooks.js:1555:26)"],"location":{"line":304,"column":5},"meta":{}}],"startTime":1748947554421,"endTime":1748947554537.197,"status":"failed","message":"","name":"/Users/davidleathers/taskmaster-ui/tests/integration/baseline.test.ts"},{"assertionResults":[],"startTime":1748947549768,"endTime":1748947549768,"status":"failed","message":"Transform failed with 9 errors:\n/Users/davidleathers/taskmaster-ui/tests/setup/e2e.setup.ts:737:13: ERROR: The symbol \"launchElectronForE2E\" has already been declared\n/Users/davidleathers/taskmaster-ui/tests/setup/e2e.setup.ts:801:13: ERROR: The symbol \"getMainWindow\" has already been declared\n/Users/davidleathers/taskmaster-ui/tests/setup/e2e.setup.ts:859:13: ERROR: The symbol \"closeElectronE2E\" has already been declared\n/Users/davidleathers/taskmaster-ui/tests/setup/e2e.setup.ts:894:13: ERROR: The symbol \"takeE2EScreenshot\" has already been declared\n/Users/davidleathers/taskmaster-ui/tests/setup/e2e.setup.ts:937:13: ERROR: The symbol \"simulateUserActions\" has already been declared\n...","name":"/Users/davidleathers/taskmaster-ui/tests/e2e/app-accessibility.a11y.test.ts"},{"assertionResults":[],"startTime":1748947549768,"endTime":1748947549768,"status":"failed","message":"Transform failed with 9 errors:\n/Users/davidleathers/taskmaster-ui/tests/setup/e2e.setup.ts:737:13: ERROR: The symbol \"launchElectronForE2E\" has already been declared\n/Users/davidleathers/taskmaster-ui/tests/setup/e2e.setup.ts:801:13: ERROR: The symbol \"getMainWindow\" has already been declared\n/Users/davidleathers/taskmaster-ui/tests/setup/e2e.setup.ts:859:13: ERROR: The symbol \"closeElectronE2E\" has already been declared\n/Users/davidleathers/taskmaster-ui/tests/setup/e2e.setup.ts:894:13: ERROR: The symbol \"takeE2EScreenshot\" has already been declared\n/Users/davidleathers/taskmaster-ui/tests/setup/e2e.setup.ts:937:13: ERROR: The symbol \"simulateUserActions\" has already been declared\n...","name":"/Users/davidleathers/taskmaster-ui/tests/e2e/app-launch.e2e.test.ts"},{"assertionResults":[],"startTime":1748947549768,"endTime":1748947549768,"status":"failed","message":"Transform failed with 9 errors:\n/Users/davidleathers/taskmaster-ui/tests/setup/e2e.setup.ts:737:13: ERROR: The symbol \"launchElectronForE2E\" has already been declared\n/Users/davidleathers/taskmaster-ui/tests/setup/e2e.setup.ts:801:13: ERROR: The symbol \"getMainWindow\" has already been declared\n/Users/davidleathers/taskmaster-ui/tests/setup/e2e.setup.ts:859:13: ERROR: The symbol \"closeElectronE2E\" has already been declared\n/Users/davidleathers/taskmaster-ui/tests/setup/e2e.setup.ts:894:13: ERROR: The symbol \"takeE2EScreenshot\" has already been declared\n/Users/davidleathers/taskmaster-ui/tests/setup/e2e.setup.ts:937:13: ERROR: The symbol \"simulateUserActions\" has already been declared\n...","name":"/Users/davidleathers/taskmaster-ui/tests/e2e/app-metrics.performance.test.ts"},{"assertionResults":[],"startTime":1748947549768,"endTime":1748947549768,"status":"failed","message":"Transform failed with 9 errors:\n/Users/davidleathers/taskmaster-ui/tests/setup/e2e.setup.ts:737:13: ERROR: The symbol \"launchElectronForE2E\" has already been declared\n/Users/davidleathers/taskmaster-ui/tests/setup/e2e.setup.ts:801:13: ERROR: The symbol \"getMainWindow\" has already been declared\n/Users/davidleathers/taskmaster-ui/tests/setup/e2e.setup.ts:859:13: ERROR: The symbol \"closeElectronE2E\" has already been declared\n/Users/davidleathers/taskmaster-ui/tests/setup/e2e.setup.ts:894:13: ERROR: The symbol \"takeE2EScreenshot\" has already been declared\n/Users/davidleathers/taskmaster-ui/tests/setup/e2e.setup.ts:937:13: ERROR: The symbol \"simulateUserActions\" has already been declared\n...","name":"/Users/davidleathers/taskmaster-ui/tests/e2e/app-ui.visual.test.ts"},{"assertionResults":[],"startTime":1748947549768,"endTime":1748947549768,"status":"failed","message":"Transform failed with 9 errors:\n/Users/davidleathers/taskmaster-ui/tests/setup/e2e.setup.ts:737:13: ERROR: The symbol \"launchElectronForE2E\" has already been declared\n/Users/davidleathers/taskmaster-ui/tests/setup/e2e.setup.ts:801:13: ERROR: The symbol \"getMainWindow\" has already been declared\n/Users/davidleathers/taskmaster-ui/tests/setup/e2e.setup.ts:859:13: ERROR: The symbol \"closeElectronE2E\" has already been declared\n/Users/davidleathers/taskmaster-ui/tests/setup/e2e.setup.ts:894:13: ERROR: The symbol \"takeE2EScreenshot\" has already been declared\n/Users/davidleathers/taskmaster-ui/tests/setup/e2e.setup.ts:937:13: ERROR: The symbol \"simulateUserActions\" has already been declared\n...","name":"/Users/davidleathers/taskmaster-ui/tests/e2e/cross-platform-compatibility.test.ts"},{"assertionResults":[],"startTime":1748947549768,"endTime":1748947549768,"status":"failed","message":"Transform failed with 9 errors:\n/Users/davidleathers/taskmaster-ui/tests/setup/e2e.setup.ts:737:13: ERROR: The symbol \"launchElectronForE2E\" has already been declared\n/Users/davidleathers/taskmaster-ui/tests/setup/e2e.setup.ts:801:13: ERROR: The symbol \"getMainWindow\" has already been declared\n/Users/davidleathers/taskmaster-ui/tests/setup/e2e.setup.ts:859:13: ERROR: The symbol \"closeElectronE2E\" has already been declared\n/Users/davidleathers/taskmaster-ui/tests/setup/e2e.setup.ts:894:13: ERROR: The symbol \"takeE2EScreenshot\" has already been declared\n/Users/davidleathers/taskmaster-ui/tests/setup/e2e.setup.ts:937:13: ERROR: The symbol \"simulateUserActions\" has already been declared\n...","name":"/Users/davidleathers/taskmaster-ui/tests/e2e/electron-security.test.ts"},{"assertionResults":[],"startTime":1748947549768,"endTime":1748947549768,"status":"failed","message":"Transform failed with 9 errors:\n/Users/davidleathers/taskmaster-ui/tests/setup/e2e.setup.ts:737:13: ERROR: The symbol \"launchElectronForE2E\" has already been declared\n/Users/davidleathers/taskmaster-ui/tests/setup/e2e.setup.ts:801:13: ERROR: The symbol \"getMainWindow\" has already been declared\n/Users/davidleathers/taskmaster-ui/tests/setup/e2e.setup.ts:859:13: ERROR: The symbol \"closeElectronE2E\" has already been declared\n/Users/davidleathers/taskmaster-ui/tests/setup/e2e.setup.ts:894:13: ERROR: The symbol \"takeE2EScreenshot\" has already been declared\n/Users/davidleathers/taskmaster-ui/tests/setup/e2e.setup.ts:937:13: ERROR: The symbol \"simulateUserActions\" has already been declared\n...","name":"/Users/davidleathers/taskmaster-ui/tests/e2e/file-operations.test.ts"},{"assertionResults":[],"startTime":1748947549768,"endTime":1748947549768,"status":"failed","message":"Transform failed with 9 errors:\n/Users/davidleathers/taskmaster-ui/tests/setup/e2e.setup.ts:737:13: ERROR: The symbol \"launchElectronForE2E\" has already been declared\n/Users/davidleathers/taskmaster-ui/tests/setup/e2e.setup.ts:801:13: ERROR: The symbol \"getMainWindow\" has already been declared\n/Users/davidleathers/taskmaster-ui/tests/setup/e2e.setup.ts:859:13: ERROR: The symbol \"closeElectronE2E\" has already been declared\n/Users/davidleathers/taskmaster-ui/tests/setup/e2e.setup.ts:894:13: ERROR: The symbol \"takeE2EScreenshot\" has already been declared\n/Users/davidleathers/taskmaster-ui/tests/setup/e2e.setup.ts:937:13: ERROR: The symbol \"simulateUserActions\" has already been declared\n...","name":"/Users/davidleathers/taskmaster-ui/tests/e2e/memory-basic.e2e.test.ts"},{"assertionResults":[],"startTime":1748947549768,"endTime":1748947549768,"status":"failed","message":"Transform failed with 9 errors:\n/Users/davidleathers/taskmaster-ui/tests/setup/e2e.setup.ts:737:13: ERROR: The symbol \"launchElectronForE2E\" has already been declared\n/Users/davidleathers/taskmaster-ui/tests/setup/e2e.setup.ts:801:13: ERROR: The symbol \"getMainWindow\" has already been declared\n/Users/davidleathers/taskmaster-ui/tests/setup/e2e.setup.ts:859:13: ERROR: The symbol \"closeElectronE2E\" has already been declared\n/Users/davidleathers/taskmaster-ui/tests/setup/e2e.setup.ts:894:13: ERROR: The symbol \"takeE2EScreenshot\" has already been declared\n/Users/davidleathers/taskmaster-ui/tests/setup/e2e.setup.ts:937:13: ERROR: The symbol \"simulateUserActions\" has already been declared\n...","name":"/Users/davidleathers/taskmaster-ui/tests/e2e/memory-leak.e2e.test.ts"},{"assertionResults":[],"startTime":1748947549768,"endTime":1748947549768,"status":"failed","message":"Transform failed with 9 errors:\n/Users/davidleathers/taskmaster-ui/tests/setup/e2e.setup.ts:737:13: ERROR: The symbol \"launchElectronForE2E\" has already been declared\n/Users/davidleathers/taskmaster-ui/tests/setup/e2e.setup.ts:801:13: ERROR: The symbol \"getMainWindow\" has already been declared\n/Users/davidleathers/taskmaster-ui/tests/setup/e2e.setup.ts:859:13: ERROR: The symbol \"closeElectronE2E\" has already been declared\n/Users/davidleathers/taskmaster-ui/tests/setup/e2e.setup.ts:894:13: ERROR: The symbol \"takeE2EScreenshot\" has already been declared\n/Users/davidleathers/taskmaster-ui/tests/setup/e2e.setup.ts:937:13: ERROR: The symbol \"simulateUserActions\" has already been declared\n...","name":"/Users/davidleathers/taskmaster-ui/tests/e2e/memory-simple.e2e.test.ts"},{"assertionResults":[],"startTime":1748947549768,"endTime":1748947549768,"status":"failed","message":"Transform failed with 9 errors:\n/Users/davidleathers/taskmaster-ui/tests/setup/e2e.setup.ts:737:13: ERROR: The symbol \"launchElectronForE2E\" has already been declared\n/Users/davidleathers/taskmaster-ui/tests/setup/e2e.setup.ts:801:13: ERROR: The symbol \"getMainWindow\" has already been declared\n/Users/davidleathers/taskmaster-ui/tests/setup/e2e.setup.ts:859:13: ERROR: The symbol \"closeElectronE2E\" has already been declared\n/Users/davidleathers/taskmaster-ui/tests/setup/e2e.setup.ts:894:13: ERROR: The symbol \"takeE2EScreenshot\" has already been declared\n/Users/davidleathers/taskmaster-ui/tests/setup/e2e.setup.ts:937:13: ERROR: The symbol \"simulateUserActions\" has already been declared\n...","name":"/Users/davidleathers/taskmaster-ui/tests/e2e/memory.performance.test.ts"},{"assertionResults":[],"startTime":1748947549768,"endTime":1748947549768,"status":"failed","message":"Transform failed with 9 errors:\n/Users/davidleathers/taskmaster-ui/tests/setup/e2e.setup.ts:737:13: ERROR: The symbol \"launchElectronForE2E\" has already been declared\n/Users/davidleathers/taskmaster-ui/tests/setup/e2e.setup.ts:801:13: ERROR: The symbol \"getMainWindow\" has already been declared\n/Users/davidleathers/taskmaster-ui/tests/setup/e2e.setup.ts:859:13: ERROR: The symbol \"closeElectronE2E\" has already been declared\n/Users/davidleathers/taskmaster-ui/tests/setup/e2e.setup.ts:894:13: ERROR: The symbol \"takeE2EScreenshot\" has already been declared\n/Users/davidleathers/taskmaster-ui/tests/setup/e2e.setup.ts:937:13: ERROR: The symbol \"simulateUserActions\" has already been declared\n...","name":"/Users/davidleathers/taskmaster-ui/tests/e2e/navigation-patterns.test.ts"},{"assertionResults":[],"startTime":1748947549768,"endTime":1748947549768,"status":"failed","message":"Transform failed with 9 errors:\n/Users/davidleathers/taskmaster-ui/tests/setup/e2e.setup.ts:737:13: ERROR: The symbol \"launchElectronForE2E\" has already been declared\n/Users/davidleathers/taskmaster-ui/tests/setup/e2e.setup.ts:801:13: ERROR: The symbol \"getMainWindow\" has already been declared\n/Users/davidleathers/taskmaster-ui/tests/setup/e2e.setup.ts:859:13: ERROR: The symbol \"closeElectronE2E\" has already been declared\n/Users/davidleathers/taskmaster-ui/tests/setup/e2e.setup.ts:894:13: ERROR: The symbol \"takeE2EScreenshot\" has already been declared\n/Users/davidleathers/taskmaster-ui/tests/setup/e2e.setup.ts:937:13: ERROR: The symbol \"simulateUserActions\" has already been declared\n...","name":"/Users/davidleathers/taskmaster-ui/tests/e2e/task-management.test.ts"},{"assertionResults":[],"startTime":1748947549768,"endTime":1748947549768,"status":"failed","message":"Transform failed with 9 errors:\n/Users/davidleathers/taskmaster-ui/tests/setup/e2e.setup.ts:737:13: ERROR: The symbol \"launchElectronForE2E\" has already been declared\n/Users/davidleathers/taskmaster-ui/tests/setup/e2e.setup.ts:801:13: ERROR: The symbol \"getMainWindow\" has already been declared\n/Users/davidleathers/taskmaster-ui/tests/setup/e2e.setup.ts:859:13: ERROR: The symbol \"closeElectronE2E\" has already been declared\n/Users/davidleathers/taskmaster-ui/tests/setup/e2e.setup.ts:894:13: ERROR: The symbol \"takeE2EScreenshot\" has already been declared\n/Users/davidleathers/taskmaster-ui/tests/setup/e2e.setup.ts:937:13: ERROR: The symbol \"simulateUserActions\" has already been declared\n...","name":"/Users/davidleathers/taskmaster-ui/tests/e2e/task-subtasks.test.ts"},{"assertionResults":[],"startTime":1748947549768,"endTime":1748947549768,"status":"failed","message":"Transform failed with 9 errors:\n/Users/davidleathers/taskmaster-ui/tests/setup/e2e.setup.ts:737:13: ERROR: The symbol \"launchElectronForE2E\" has already been declared\n/Users/davidleathers/taskmaster-ui/tests/setup/e2e.setup.ts:801:13: ERROR: The symbol \"getMainWindow\" has already been declared\n/Users/davidleathers/taskmaster-ui/tests/setup/e2e.setup.ts:859:13: ERROR: The symbol \"closeElectronE2E\" has already been declared\n/Users/davidleathers/taskmaster-ui/tests/setup/e2e.setup.ts:894:13: ERROR: The symbol \"takeE2EScreenshot\" has already been declared\n/Users/davidleathers/taskmaster-ui/tests/setup/e2e.setup.ts:937:13: ERROR: The symbol \"simulateUserActions\" has already been declared\n...","name":"/Users/davidleathers/taskmaster-ui/tests/e2e/view-switching.test.ts"},{"assertionResults":[],"startTime":1748947549768,"endTime":1748947549768,"status":"failed","message":"[vitest] There was an error when mocking a module. If you are using \"vi.mock\" factory, make sure there are no top level variables inside, since this call is hoisted to top of the file. Read more: https://vitest.dev/api/vi.html#vi-mock","name":"/Users/davidleathers/taskmaster-ui/src/main/__tests__/auto-updater-differential.test.ts"},{"assertionResults":[],"startTime":1748947549768,"endTime":1748947549768,"status":"failed","message":"[vitest] There was an error when mocking a module. If you are using \"vi.mock\" factory, make sure there are no top level variables inside, since this call is hoisted to top of the file. Read more: https://vitest.dev/api/vi.html#vi-mock","name":"/Users/davidleathers/taskmaster-ui/src/main/__tests__/auto-updater-integration.test.ts"},{"assertionResults":[],"startTime":1748947549768,"endTime":1748947549768,"status":"failed","message":"[vitest] There was an error when mocking a module. If you are using \"vi.mock\" factory, make sure there are no top level variables inside, since this call is hoisted to top of the file. Read more: https://vitest.dev/api/vi.html#vi-mock","name":"/Users/davidleathers/taskmaster-ui/src/main/__tests__/auto-updater-security.test.ts"},{"assertionResults":[],"startTime":1748947549768,"endTime":1748947549768,"status":"failed","message":"[vitest] There was an error when mocking a module. If you are using \"vi.mock\" factory, make sure there are no top level variables inside, since this call is hoisted to top of the file. Read more: https://vitest.dev/api/vi.html#vi-mock","name":"/Users/davidleathers/taskmaster-ui/src/main/__tests__/auto-updater.test.ts"},{"assertionResults":[],"startTime":1748947549768,"endTime":1748947549768,"status":"failed","message":"[vitest] There was an error when mocking a module. If you are using \"vi.mock\" factory, make sure there are no top level variables inside, since this call is hoisted to top of the file. Read more: https://vitest.dev/api/vi.html#vi-mock","name":"/Users/davidleathers/taskmaster-ui/src/main/__tests__/baseline.test.ts"},{"assertionResults":[],"startTime":1748947549768,"endTime":1748947549768,"status":"failed","message":"[vitest] There was an error when mocking a module. If you are using \"vi.mock\" factory, make sure there are no top level variables inside, since this call is hoisted to top of the file. Read more: https://vitest.dev/api/vi.html#vi-mock","name":"/Users/davidleathers/taskmaster-ui/src/main/__tests__/cross-process-communication.test.ts"},{"assertionResults":[],"startTime":1748947549768,"endTime":1748947549768,"status":"failed","message":"[vitest] There was an error when mocking a module. If you are using \"vi.mock\" factory, make sure there are no top level variables inside, since this call is hoisted to top of the file. Read more: https://vitest.dev/api/vi.html#vi-mock","name":"/Users/davidleathers/taskmaster-ui/src/main/__tests__/ipc-security.test.ts"},{"assertionResults":[],"startTime":1748947549768,"endTime":1748947549768,"status":"failed","message":"[vitest] There was an error when mocking a module. If you are using \"vi.mock\" factory, make sure there are no top level variables inside, since this call is hoisted to top of the file. Read more: https://vitest.dev/api/vi.html#vi-mock","name":"/Users/davidleathers/taskmaster-ui/src/main/__tests__/lifecycle.test.ts"},{"assertionResults":[],"startTime":1748947549768,"endTime":1748947549768,"status":"failed","message":"[vitest] There was an error when mocking a module. If you are using \"vi.mock\" factory, make sure there are no top level variables inside, since this call is hoisted to top of the file. Read more: https://vitest.dev/api/vi.html#vi-mock","name":"/Users/davidleathers/taskmaster-ui/src/main/__tests__/memory-leak-detection.test.ts"},{"assertionResults":[],"startTime":1748947549768,"endTime":1748947549768,"status":"failed","message":"[vitest] There was an error when mocking a module. If you are using \"vi.mock\" factory, make sure there are no top level variables inside, since this call is hoisted to top of the file. Read more: https://vitest.dev/api/vi.html#vi-mock","name":"/Users/davidleathers/taskmaster-ui/src/main/__tests__/memory-leaks.test.ts"},{"assertionResults":[],"startTime":1748947549768,"endTime":1748947549768,"status":"failed","message":"[vitest] There was an error when mocking a module. If you are using \"vi.mock\" factory, make sure there are no top level variables inside, since this call is hoisted to top of the file. Read more: https://vitest.dev/api/vi.html#vi-mock","name":"/Users/davidleathers/taskmaster-ui/src/main/__tests__/mocked-apis.test.ts"},{"assertionResults":[],"startTime":1748947549768,"endTime":1748947549768,"status":"failed","message":"[vitest] There was an error when mocking a module. If you are using \"vi.mock\" factory, make sure there are no top level variables inside, since this call is hoisted to top of the file. Read more: https://vitest.dev/api/vi.html#vi-mock","name":"/Users/davidleathers/taskmaster-ui/src/main/__tests__/mocked-electron-apis.test.ts"},{"assertionResults":[{"ancestorTitles":["Preload Process Baseline Validation","Context Bridge Security"],"fullName":"Preload Process Baseline Validation Context Bridge Security should have contextBridge available","status":"passed","title":"should have contextBridge available","duration":7.25974999999994,"failureMessages":[],"location":{"line":31,"column":5},"meta":{}},{"ancestorTitles":["Preload Process Baseline Validation","Context Bridge Security"],"fullName":"Preload Process Baseline Validation Context Bridge Security should maintain context isolation","status":"failed","title":"should maintain context isolation","duration":5.249125000000049,"failureMessages":["AssertionError: expected undefined to be true // Object.is equality\n    at /Users/davidleathers/taskmaster-ui/src/preload/__tests__/baseline.test.ts:37:42\n    at file:///Users/davidleathers/taskmaster-ui/node_modules/@vitest/runner/dist/chunk-hooks.js:154:11\n    at file:///Users/davidleathers/taskmaster-ui/node_modules/@vitest/runner/dist/chunk-hooks.js:751:26\n    at file:///Users/davidleathers/taskmaster-ui/node_modules/@vitest/runner/dist/chunk-hooks.js:1886:20\n    at new Promise (<anonymous>)\n    at runWithTimeout (file:///Users/davidleathers/taskmaster-ui/node_modules/@vitest/runner/dist/chunk-hooks.js:1852:10)\n    at runTest (file:///Users/davidleathers/taskmaster-ui/node_modules/@vitest/runner/dist/chunk-hooks.js:1563:12)\n    at processTicksAndRejections (node:internal/process/task_queues:105:5)\n    at runSuite (file:///Users/davidleathers/taskmaster-ui/node_modules/@vitest/runner/dist/chunk-hooks.js:1718:8)\n    at runSuite (file:///Users/davidleathers/taskmaster-ui/node_modules/@vitest/runner/dist/chunk-hooks.js:1718:8)"],"location":{"line":36,"column":5},"meta":{}},{"ancestorTitles":["Preload Process Baseline Validation","Context Bridge Security"],"fullName":"Preload Process Baseline Validation Context Bridge Security should expose APIs securely","status":"failed","title":"should expose APIs securely","duration":1.6369589999999334,"failureMessages":["Error: API 'testAPI' was not exposed\n    at validateAPIExposure (/Users/davidleathers/taskmaster-ui/tests/setup/preload.setup.ts:229:11)\n    at /Users/davidleathers/taskmaster-ui/src/preload/__tests__/baseline.test.ts:48:14\n    at file:///Users/davidleathers/taskmaster-ui/node_modules/@vitest/runner/dist/chunk-hooks.js:154:11\n    at file:///Users/davidleathers/taskmaster-ui/node_modules/@vitest/runner/dist/chunk-hooks.js:751:26\n    at file:///Users/davidleathers/taskmaster-ui/node_modules/@vitest/runner/dist/chunk-hooks.js:1886:20\n    at new Promise (<anonymous>)\n    at runWithTimeout (file:///Users/davidleathers/taskmaster-ui/node_modules/@vitest/runner/dist/chunk-hooks.js:1852:10)\n    at runTest (file:///Users/davidleathers/taskmaster-ui/node_modules/@vitest/runner/dist/chunk-hooks.js:1563:12)\n    at processTicksAndRejections (node:internal/process/task_queues:105:5)\n    at runSuite (file:///Users/davidleathers/taskmaster-ui/node_modules/@vitest/runner/dist/chunk-hooks.js:1718:8)"],"location":{"line":40,"column":5},"meta":{}},{"ancestorTitles":["Preload Process Baseline Validation","Context Bridge Security"],"fullName":"Preload Process Baseline Validation Context Bridge Security should validate API security","status":"failed","title":"should validate API security","duration":6.875957999999969,"failureMessages":["AssertionError: expected [Function] to not throw an error but 'Error: Dangerous property \\'__proto__' was thrown\n    at Proxy.<anonymous> (file:///Users/davidleathers/taskmaster-ui/node_modules/@vitest/expect/dist/index.js:1411:16)\n    at Proxy.<anonymous> (file:///Users/davidleathers/taskmaster-ui/node_modules/@vitest/expect/dist/index.js:1022:14)\n    at Proxy.methodWrapper (file:///Users/davidleathers/taskmaster-ui/node_modules/chai/chai.js:1618:25)\n    at /Users/davidleathers/taskmaster-ui/src/preload/__tests__/baseline.test.ts:59:54\n    at file:///Users/davidleathers/taskmaster-ui/node_modules/@vitest/runner/dist/chunk-hooks.js:154:11\n    at file:///Users/davidleathers/taskmaster-ui/node_modules/@vitest/runner/dist/chunk-hooks.js:751:26\n    at file:///Users/davidleathers/taskmaster-ui/node_modules/@vitest/runner/dist/chunk-hooks.js:1886:20\n    at new Promise (<anonymous>)\n    at runWithTimeout (file:///Users/davidleathers/taskmaster-ui/node_modules/@vitest/runner/dist/chunk-hooks.js:1852:10)\n    at runTest (file:///Users/davidleathers/taskmaster-ui/node_modules/@vitest/runner/dist/chunk-hooks.js:1563:12)"],"location":{"line":53,"column":5},"meta":{}},{"ancestorTitles":["Preload Process Baseline Validation","Context Bridge Security"],"fullName":"Preload Process Baseline Validation Context Bridge Security should reject dangerous APIs","status":"passed","title":"should reject dangerous APIs","duration":0.5109579999999596,"failureMessages":[],"location":{"line":62,"column":5},"meta":{}},{"ancestorTitles":["Preload Process Baseline Validation","IPC Renderer Communication"],"fullName":"Preload Process Baseline Validation IPC Renderer Communication should have ipcRenderer available","status":"passed","title":"should have ipcRenderer available","duration":0.42470800000000963,"failureMessages":[],"location":{"line":74,"column":5},"meta":{}},{"ancestorTitles":["Preload Process Baseline Validation","IPC Renderer Communication"],"fullName":"Preload Process Baseline Validation IPC Renderer Communication should handle invoke calls","status":"passed","title":"should handle invoke calls","duration":1.292915999999991,"failureMessages":[],"location":{"line":81,"column":5},"meta":{}},{"ancestorTitles":["Preload Process Baseline Validation","IPC Renderer Communication"],"fullName":"Preload Process Baseline Validation IPC Renderer Communication should handle unknown channels gracefully","status":"passed","title":"should handle unknown channels gracefully","duration":0.432042000000024,"failureMessages":[],"location":{"line":87,"column":5},"meta":{}},{"ancestorTitles":["Preload Process Baseline Validation","IPC Renderer Communication"],"fullName":"Preload Process Baseline Validation IPC Renderer Communication should register event listeners","status":"failed","title":"should register event listeners","duration":2.0239159999999856,"failureMessages":["AssertionError: expected undefined to be [Function spy] // Object.is equality\n    at /Users/davidleathers/taskmaster-ui/src/preload/__tests__/baseline.test.ts:97:24\n    at file:///Users/davidleathers/taskmaster-ui/node_modules/@vitest/runner/dist/chunk-hooks.js:154:11\n    at file:///Users/davidleathers/taskmaster-ui/node_modules/@vitest/runner/dist/chunk-hooks.js:751:26\n    at file:///Users/davidleathers/taskmaster-ui/node_modules/@vitest/runner/dist/chunk-hooks.js:1886:20\n    at new Promise (<anonymous>)\n    at runWithTimeout (file:///Users/davidleathers/taskmaster-ui/node_modules/@vitest/runner/dist/chunk-hooks.js:1852:10)\n    at runTest (file:///Users/davidleathers/taskmaster-ui/node_modules/@vitest/runner/dist/chunk-hooks.js:1563:12)\n    at processTicksAndRejections (node:internal/process/task_queues:105:5)\n    at runSuite (file:///Users/davidleathers/taskmaster-ui/node_modules/@vitest/runner/dist/chunk-hooks.js:1718:8)\n    at runSuite (file:///Users/davidleathers/taskmaster-ui/node_modules/@vitest/runner/dist/chunk-hooks.js:1718:8)"],"location":{"line":92,"column":5},"meta":{}},{"ancestorTitles":["Preload Process Baseline Validation","IPC Renderer Communication"],"fullName":"Preload Process Baseline Validation IPC Renderer Communication should handle once listeners","status":"passed","title":"should handle once listeners","duration":1.231999999999971,"failureMessages":[],"location":{"line":100,"column":5},"meta":{}},{"ancestorTitles":["Preload Process Baseline Validation","IPC Renderer Communication"],"fullName":"Preload Process Baseline Validation IPC Renderer Communication should remove listeners","status":"passed","title":"should remove listeners","duration":0.9653749999999945,"failureMessages":[],"location":{"line":107,"column":5},"meta":{}},{"ancestorTitles":["Preload Process Baseline Validation","IPC Renderer Communication"],"fullName":"Preload Process Baseline Validation IPC Renderer Communication should warn about dangerous sendSync usage","status":"failed","title":"should warn about dangerous sendSync usage","duration":1.361291000000051,"failureMessages":["AssertionError: expected \"warn\" to be called with arguments: [ StringContaining{} ]\u001b[90m\n\nNumber of calls: \u001b[1m0\u001b[22m\n\u001b[39m\n    at Proxy.<anonymous> (file:///Users/davidleathers/taskmaster-ui/node_modules/@vitest/expect/dist/index.js:1346:10)\n    at Proxy.<anonymous> (file:///Users/davidleathers/taskmaster-ui/node_modules/@vitest/expect/dist/index.js:1022:14)\n    at Proxy.methodWrapper (file:///Users/davidleathers/taskmaster-ui/node_modules/chai/chai.js:1618:25)\n    at /Users/davidleathers/taskmaster-ui/src/preload/__tests__/baseline.test.ts:121:26\n    at file:///Users/davidleathers/taskmaster-ui/node_modules/@vitest/runner/dist/chunk-hooks.js:154:11\n    at file:///Users/davidleathers/taskmaster-ui/node_modules/@vitest/runner/dist/chunk-hooks.js:751:26\n    at file:///Users/davidleathers/taskmaster-ui/node_modules/@vitest/runner/dist/chunk-hooks.js:1886:20\n    at new Promise (<anonymous>)\n    at runWithTimeout (file:///Users/davidleathers/taskmaster-ui/node_modules/@vitest/runner/dist/chunk-hooks.js:1852:10)\n    at runTest (file:///Users/davidleathers/taskmaster-ui/node_modules/@vitest/runner/dist/chunk-hooks.js:1563:12)"],"location":{"line":116,"column":5},"meta":{}},{"ancestorTitles":["Preload Process Baseline Validation","Complete API Exposure"],"fullName":"Preload Process Baseline Validation Complete API Exposure should expose comprehensive electron API","status":"failed","title":"should expose comprehensive electron API","duration":0.2710420000000795,"failureMessages":["Error: API 'electronAPI' was not exposed\n    at validateAPIExposure (/Users/davidleathers/taskmaster-ui/tests/setup/preload.setup.ts:229:11)\n    at /Users/davidleathers/taskmaster-ui/src/preload/__tests__/baseline.test.ts:162:14\n    at file:///Users/davidleathers/taskmaster-ui/node_modules/@vitest/runner/dist/chunk-hooks.js:154:11\n    at file:///Users/davidleathers/taskmaster-ui/node_modules/@vitest/runner/dist/chunk-hooks.js:751:26\n    at file:///Users/davidleathers/taskmaster-ui/node_modules/@vitest/runner/dist/chunk-hooks.js:1886:20\n    at new Promise (<anonymous>)\n    at runWithTimeout (file:///Users/davidleathers/taskmaster-ui/node_modules/@vitest/runner/dist/chunk-hooks.js:1852:10)\n    at runTest (file:///Users/davidleathers/taskmaster-ui/node_modules/@vitest/runner/dist/chunk-hooks.js:1563:12)\n    at processTicksAndRejections (node:internal/process/task_queues:105:5)\n    at runSuite (file:///Users/davidleathers/taskmaster-ui/node_modules/@vitest/runner/dist/chunk-hooks.js:1718:8)"],"location":{"line":130,"column":5},"meta":{}},{"ancestorTitles":["Preload Process Baseline Validation","Complete API Exposure"],"fullName":"Preload Process Baseline Validation Complete API Exposure should handle API method calls","status":"failed","title":"should handle API method calls","duration":0.3044159999999465,"failureMessages":["TypeError: Cannot read properties of undefined (reading 'invoke')\n    at /Users/davidleathers/taskmaster-ui/src/preload/__tests__/baseline.test.ts:175:33\n    at file:///Users/davidleathers/taskmaster-ui/node_modules/@vitest/runner/dist/chunk-hooks.js:154:11\n    at file:///Users/davidleathers/taskmaster-ui/node_modules/@vitest/runner/dist/chunk-hooks.js:751:26\n    at file:///Users/davidleathers/taskmaster-ui/node_modules/@vitest/runner/dist/chunk-hooks.js:1886:20\n    at new Promise (<anonymous>)\n    at runWithTimeout (file:///Users/davidleathers/taskmaster-ui/node_modules/@vitest/runner/dist/chunk-hooks.js:1852:10)\n    at runTest (file:///Users/davidleathers/taskmaster-ui/node_modules/@vitest/runner/dist/chunk-hooks.js:1563:12)\n    at processTicksAndRejections (node:internal/process/task_queues:105:5)\n    at runSuite (file:///Users/davidleathers/taskmaster-ui/node_modules/@vitest/runner/dist/chunk-hooks.js:1718:8)\n    at runSuite (file:///Users/davidleathers/taskmaster-ui/node_modules/@vitest/runner/dist/chunk-hooks.js:1718:8)"],"location":{"line":166,"column":5},"meta":{}},{"ancestorTitles":["Preload Process Baseline Validation","Security Validation"],"fullName":"Preload Process Baseline Validation Security Validation should prevent Node.js access in preload","status":"passed","title":"should prevent Node.js access in preload","duration":1.5737499999999045,"failureMessages":[],"location":{"line":184,"column":5},"meta":{}},{"ancestorTitles":["Preload Process Baseline Validation","Security Validation"],"fullName":"Preload Process Baseline Validation Security Validation should restrict dangerous path operations","status":"passed","title":"should restrict dangerous path operations","duration":2.976333000000068,"failureMessages":[],"location":{"line":197,"column":5},"meta":{}},{"ancestorTitles":["Preload Process Baseline Validation","Security Validation"],"fullName":"Preload Process Baseline Validation Security Validation should handle context bridge validation","status":"failed","title":"should handle context bridge validation","duration":0.807666999999924,"failureMessages":["AssertionError: expected [Function] to throw an error\n    at Proxy.<anonymous> (file:///Users/davidleathers/taskmaster-ui/node_modules/@vitest/expect/dist/index.js:1411:16)\n    at Proxy.<anonymous> (file:///Users/davidleathers/taskmaster-ui/node_modules/@vitest/expect/dist/index.js:1022:14)\n    at Proxy.methodWrapper (file:///Users/davidleathers/taskmaster-ui/node_modules/chai/chai.js:1618:25)\n    at /Users/davidleathers/taskmaster-ui/src/preload/__tests__/baseline.test.ts:221:10\n    at file:///Users/davidleathers/taskmaster-ui/node_modules/@vitest/runner/dist/chunk-hooks.js:154:11\n    at file:///Users/davidleathers/taskmaster-ui/node_modules/@vitest/runner/dist/chunk-hooks.js:751:26\n    at file:///Users/davidleathers/taskmaster-ui/node_modules/@vitest/runner/dist/chunk-hooks.js:1886:20\n    at new Promise (<anonymous>)\n    at runWithTimeout (file:///Users/davidleathers/taskmaster-ui/node_modules/@vitest/runner/dist/chunk-hooks.js:1852:10)\n    at runTest (file:///Users/davidleathers/taskmaster-ui/node_modules/@vitest/runner/dist/chunk-hooks.js:1563:12)"],"location":{"line":209,"column":5},"meta":{}},{"ancestorTitles":["Preload Process Baseline Validation","Event Simulation"],"fullName":"Preload Process Baseline Validation Event Simulation should simulate main world messages","status":"failed","title":"should simulate main world messages","duration":0.5044579999999996,"failureMessages":["AssertionError: expected \"spy\" to be called with arguments: [ null, 'test-data' ]\u001b[90m\n\nNumber of calls: \u001b[1m0\u001b[22m\n\u001b[39m\n    at Proxy.<anonymous> (file:///Users/davidleathers/taskmaster-ui/node_modules/@vitest/expect/dist/index.js:1346:10)\n    at Proxy.<anonymous> (file:///Users/davidleathers/taskmaster-ui/node_modules/@vitest/expect/dist/index.js:1022:14)\n    at Proxy.methodWrapper (file:///Users/davidleathers/taskmaster-ui/node_modules/chai/chai.js:1618:25)\n    at /Users/davidleathers/taskmaster-ui/src/preload/__tests__/baseline.test.ts:233:28\n    at file:///Users/davidleathers/taskmaster-ui/node_modules/@vitest/runner/dist/chunk-hooks.js:154:11\n    at file:///Users/davidleathers/taskmaster-ui/node_modules/@vitest/runner/dist/chunk-hooks.js:751:26\n    at file:///Users/davidleathers/taskmaster-ui/node_modules/@vitest/runner/dist/chunk-hooks.js:1886:20\n    at new Promise (<anonymous>)\n    at runWithTimeout (file:///Users/davidleathers/taskmaster-ui/node_modules/@vitest/runner/dist/chunk-hooks.js:1852:10)\n    at runTest (file:///Users/davidleathers/taskmaster-ui/node_modules/@vitest/runner/dist/chunk-hooks.js:1563:12)"],"location":{"line":226,"column":5},"meta":{}},{"ancestorTitles":["Preload Process Baseline Validation","Event Simulation"],"fullName":"Preload Process Baseline Validation Event Simulation should handle listener errors gracefully","status":"failed","title":"should handle listener errors gracefully","duration":1.4564589999999953,"failureMessages":["AssertionError: expected \"error\" to be called with arguments: [ StringContaining{}, Any<Error> ]\u001b[90m\n\nNumber of calls: \u001b[1m0\u001b[22m\n\u001b[39m\n    at Proxy.<anonymous> (file:///Users/davidleathers/taskmaster-ui/node_modules/@vitest/expect/dist/index.js:1346:10)\n    at Proxy.<anonymous> (file:///Users/davidleathers/taskmaster-ui/node_modules/@vitest/expect/dist/index.js:1022:14)\n    at Proxy.methodWrapper (file:///Users/davidleathers/taskmaster-ui/node_modules/chai/chai.js:1618:25)\n    at /Users/davidleathers/taskmaster-ui/src/preload/__tests__/baseline.test.ts:246:26\n    at file:///Users/davidleathers/taskmaster-ui/node_modules/@vitest/runner/dist/chunk-hooks.js:154:11\n    at file:///Users/davidleathers/taskmaster-ui/node_modules/@vitest/runner/dist/chunk-hooks.js:751:26\n    at file:///Users/davidleathers/taskmaster-ui/node_modules/@vitest/runner/dist/chunk-hooks.js:1886:20\n    at new Promise (<anonymous>)\n    at runWithTimeout (file:///Users/davidleathers/taskmaster-ui/node_modules/@vitest/runner/dist/chunk-hooks.js:1852:10)\n    at runTest (file:///Users/davidleathers/taskmaster-ui/node_modules/@vitest/runner/dist/chunk-hooks.js:1563:12)"],"location":{"line":236,"column":5},"meta":{}},{"ancestorTitles":["Preload Process Baseline Validation","Memory Management"],"fullName":"Preload Process Baseline Validation Memory Management should clean up listeners on removal","status":"failed","title":"should clean up listeners on removal","duration":0.8542499999999791,"failureMessages":["AssertionError: expected \"spy\" to be called at least once\n    at Proxy.<anonymous> (file:///Users/davidleathers/taskmaster-ui/node_modules/@vitest/expect/dist/index.js:1326:10)\n    at Proxy.<anonymous> (file:///Users/davidleathers/taskmaster-ui/node_modules/@vitest/expect/dist/index.js:1022:14)\n    at Proxy.methodWrapper (file:///Users/davidleathers/taskmaster-ui/node_modules/chai/chai.js:1618:25)\n    at /Users/davidleathers/taskmaster-ui/src/preload/__tests__/baseline.test.ts:269:25\n    at file:///Users/davidleathers/taskmaster-ui/node_modules/@vitest/runner/dist/chunk-hooks.js:154:11\n    at file:///Users/davidleathers/taskmaster-ui/node_modules/@vitest/runner/dist/chunk-hooks.js:751:26\n    at file:///Users/davidleathers/taskmaster-ui/node_modules/@vitest/runner/dist/chunk-hooks.js:1886:20\n    at new Promise (<anonymous>)\n    at runWithTimeout (file:///Users/davidleathers/taskmaster-ui/node_modules/@vitest/runner/dist/chunk-hooks.js:1852:10)\n    at runTest (file:///Users/davidleathers/taskmaster-ui/node_modules/@vitest/runner/dist/chunk-hooks.js:1563:12)"],"location":{"line":256,"column":5},"meta":{}},{"ancestorTitles":["Preload Process Baseline Validation","Error Handling"],"fullName":"Preload Process Baseline Validation Error Handling should handle preload errors gracefully","status":"passed","title":"should handle preload errors gracefully","duration":0.20137499999998454,"failureMessages":[],"location":{"line":282,"column":5},"meta":{}},{"ancestorTitles":["Preload Process Baseline Validation","Error Handling"],"fullName":"Preload Process Baseline Validation Error Handling should maintain preload stability after errors","status":"passed","title":"should maintain preload stability after errors","duration":0.20091600000000653,"failureMessages":[],"location":{"line":288,"column":5},"meta":{}}],"startTime":1748947553290,"endTime":1748947553330.2014,"status":"failed","message":"","name":"/Users/davidleathers/taskmaster-ui/src/preload/__tests__/baseline.test.ts"},{"assertionResults":[],"startTime":1748947549768,"endTime":1748947549768,"status":"failed","message":"Parse failure: Expected ';', '}' or <eof>\nAt file: /Users/davidleathers/taskmaster-ui/src/preload/__tests__/preload-security.test.ts:12:4","name":"/Users/davidleathers/taskmaster-ui/src/preload/__tests__/preload-security.test.ts"},{"assertionResults":[],"startTime":1748947549768,"endTime":1748947549768,"status":"failed","message":"Transform failed with 1 error:\n/Users/davidleathers/taskmaster-ui/tests/setup/renderer.setup.ts:287:20: ERROR: \"await\" can only be used inside an \"async\" function","name":"/Users/davidleathers/taskmaster-ui/src/renderer/src/__tests__/baseline.test.tsx"},{"assertionResults":[],"startTime":1748947549768,"endTime":1748947549768,"status":"failed","message":"Transform failed with 1 error:\n/Users/davidleathers/taskmaster-ui/tests/setup/renderer.setup.ts:287:20: ERROR: \"await\" can only be used inside an \"async\" function","name":"/Users/davidleathers/taskmaster-ui/src/renderer/src/store/__tests__/errorHandling.test.ts"},{"assertionResults":[],"startTime":1748947549768,"endTime":1748947549768,"status":"failed","message":"Transform failed with 1 error:\n/Users/davidleathers/taskmaster-ui/tests/setup/renderer.setup.ts:287:20: ERROR: \"await\" can only be used inside an \"async\" function","name":"/Users/davidleathers/taskmaster-ui/src/renderer/src/store/__tests__/useTaskStore.test.ts"},{"assertionResults":[],"startTime":1748947549768,"endTime":1748947549768,"status":"failed","message":"Transform failed with 1 error:\n/Users/davidleathers/taskmaster-ui/tests/setup/renderer.setup.ts:287:20: ERROR: \"await\" can only be used inside an \"async\" function","name":"/Users/davidleathers/taskmaster-ui/src/renderer/src/components/error/__tests__/ErrorBoundary.test.tsx"},{"assertionResults":[],"startTime":1748947549768,"endTime":1748947549768,"status":"failed","message":"Transform failed with 1 error:\n/Users/davidleathers/taskmaster-ui/tests/setup/renderer.setup.ts:287:20: ERROR: \"await\" can only be used inside an \"async\" function","name":"/Users/davidleathers/taskmaster-ui/src/renderer/src/components/task/__tests__/TaskCard.test.tsx"}]}